\BOOKMARK [0][-]{dummy.1}{\376\377\000A\000b\000s\000t\000r\000a\000c\000t}{}% 1
\BOOKMARK [0][-]{dummy.2}{\376\377\000C\000o\000n\000t\000e\000n\000t\000s}{}% 2
\BOOKMARK [0][-]{dummy.4}{\376\377\000L\000i\000s\000t\000\040\000o\000f\000\040\000F\000i\000g\000u\000r\000e\000s}{}% 3
\BOOKMARK [0][-]{chapter.6}{\376\377\0001\000\040\000I\000n\000t\000r\000o\000d\000u\000c\000t\000i\000o\000n}{}% 4
\BOOKMARK [1][-]{section.7}{\376\377\0001\000.\0001\000\040\000N\000a\000m\000e\000d\000\040\000D\000a\000t\000a\000\040\000N\000e\000t\000w\000o\000r\000k\000i\000n\000g}{chapter.6}% 5
\BOOKMARK [1][-]{section.8}{\376\377\0001\000.\0002\000\040\000P\000I\000R\000L}{chapter.6}% 6
\BOOKMARK [1][-]{section.10}{\376\377\0001\000.\0003\000\040\000T\000o\000o\000l\000s\000\040\000o\000f\000\040\000I\000n\000t\000e\000r\000n\000s\000h\000i\000p}{chapter.6}% 7
\BOOKMARK [1][-]{section.19}{\376\377\0001\000.\0004\000\040\000S\000c\000o\000p\000e\000\040\000a\000n\000d\000\040\000O\000b\000j\000e\000c\000t\000i\000v\000e\000s}{chapter.6}% 8
\BOOKMARK [0][-]{chapter.24}{\376\377\0002\000\040\000T\000h\000e\000o\000r\000y\000\040\000o\000f\000\040\000R\000o\000u\000t\000i\000n\000g\000\040\000A\000l\000g\000o\000r\000i\000t\000h\000m\000s}{}% 9
\BOOKMARK [1][-]{section.27}{\376\377\0002\000.\0001\000\040\000N\000F\000D\000\040\000i\000n\000\040\000N\000D\000N\000\040\000N\000e\000t\000w\000o\000r\000k\000s}{chapter.24}% 10
\BOOKMARK [1][-]{section.29}{\376\377\0002\000.\0002\000\040\000R\000o\000u\000t\000i\000n\000g\000\040\000i\000n\000\040\000N\000D\000N}{chapter.24}% 11
\BOOKMARK [1][-]{section.30}{\376\377\0002\000.\0003\000\040\000R\000o\000u\000t\000i\000n\000g\000\040\000S\000t\000r\000a\000t\000e\000g\000i\000e\000s}{chapter.24}% 12
\BOOKMARK [2][-]{subsection.31}{\376\377\0002\000.\0003\000.\0001\000\040\000C\000o\000n\000s\000u\000m\000e\000r\000\040\000\046\000\040\000P\000r\000o\000d\000u\000c\000e\000r\000\040\000T\000r\000e\000e\000s\000\040\000S\000t\000r\000a\000t\000e\000g\000y}{section.30}% 13
\BOOKMARK [2][-]{subsection.34}{\376\377\0002\000.\0003\000.\0002\000\040\000M\000i\000n\000i\000m\000u\000m\000\040\000C\000o\000s\000t\000\040\000M\000u\000l\000t\000i\000P\000a\000t\000h\000\040\000S\000t\000r\000a\000t\000e\000g\000y}{section.30}% 14
\BOOKMARK [2][-]{subsection.36}{\376\377\0002\000.\0003\000.\0003\000\040\000M\000a\000x\000i\000m\000u\000m\000\040\000F\000l\000o\000w\000\040\000S\000t\000r\000a\000t\000e\000g\000y}{section.30}% 15
\BOOKMARK [0][-]{chapter.38}{\376\377\0003\000\040\000E\000x\000p\000e\000r\000i\000m\000e\000n\000t\000a\000l\000\040\000R\000e\000s\000u\000l\000t\000s\000\040\000o\000n\000\040\000R\000o\000u\000t\000i\000n\000g\000\040\000S\000t\000r\000a\000t\000e\000g\000i\000e\000s}{}% 16
\BOOKMARK [1][-]{section.39}{\376\377\0003\000.\0001\000\040\000E\000x\000p\000e\000r\000i\000m\000e\000n\000t\000\040\000T\000e\000s\000t\000\040\000S\000e\000t\000u\000p}{chapter.38}% 17
\BOOKMARK [1][-]{section.40}{\376\377\0003\000.\0002\000\040\000S\000t\000r\000a\000t\000e\000g\000i\000e\000s\000\040\000o\000n\000\040\000M\000e\000d\000i\000u\000m\000\040\000S\000i\000z\000e\000\040\000N\000D\000N\000\040\000N\000e\000t\000w\000o\000r\000k}{chapter.38}% 18
\BOOKMARK [2][-]{subsection.41}{\376\377\0003\000.\0002\000.\0001\000\040\000T\000r\000e\000e\000O\000n\000C\000o\000n\000s\000u\000m\000e\000r}{section.40}% 19
\BOOKMARK [2][-]{subsection.43}{\376\377\0003\000.\0002\000.\0002\000\040\000T\000r\000e\000e\000O\000n\000P\000r\000o\000d\000u\000c\000e\000r}{section.40}% 20
\BOOKMARK [2][-]{subsection.45}{\376\377\0003\000.\0002\000.\0003\000\040\000M\000i\000n\000C\000o\000s\000t\000M\000u\000l\000t\000i\000p\000a\000t\000h}{section.40}% 21
\BOOKMARK [2][-]{subsection.47}{\376\377\0003\000.\0002\000.\0004\000\040\000M\000a\000x\000F\000l\000o\000w}{section.40}% 22
\BOOKMARK [1][-]{section.50}{\376\377\0003\000.\0003\000\040\000S\000t\000r\000a\000t\000e\000g\000i\000e\000s\000\040\000o\000n\000\040\000L\000a\000r\000g\000e\000\040\000S\000i\000z\000e\000\040\000N\000D\000N\000\040\000N\000e\000t\000w\000o\000r\000k\000s}{chapter.38}% 23
\BOOKMARK [2][-]{subsection.51}{\376\377\0003\000.\0003\000.\0001\000\040\000T\000r\000e\000e\000O\000n\000C\000o\000n\000s\000u\000m\000e\000r}{section.50}% 24
\BOOKMARK [2][-]{subsection.56}{\376\377\0003\000.\0003\000.\0002\000\040\000T\000r\000e\000e\000O\000n\000P\000r\000o\000d\000u\000c\000e\000r}{section.50}% 25
\BOOKMARK [2][-]{subsection.58}{\376\377\0003\000.\0003\000.\0003\000\040\000M\000i\000n\000C\000o\000s\000t\000M\000u\000l\000t\000i\000p\000a\000t\000h}{section.50}% 26
\BOOKMARK [2][-]{subsection.66}{\376\377\0003\000.\0003\000.\0004\000\040\000M\000a\000x\000F\000l\000o\000w}{section.50}% 27
\BOOKMARK [0][-]{chapter.68}{\376\377\0004\000\040\000C\000o\000n\000c\000l\000u\000s\000i\000o\000n\000s}{}% 28
\BOOKMARK [0][-]{appendix.69}{\376\377\000A\000\040\000C\000o\000d\000e\000\040\000I\000m\000p\000l\000e\000m\000e\000n\000t\000a\000t\000i\000o\000n}{}% 29
\BOOKMARK [0][-]{dummy.286}{\376\377\000B\000i\000b\000l\000i\000o\000g\000r\000a\000p\000h\000y}{}% 30
